<?xml version="1.0" encoding="UTF-8"?>
<!-- Generated by org.testng.reporters.JUnitReportReporter -->
<testsuite name="qaclickacademy.Selenium_Test" tests="2" time="0.007" ignored="0" failures="0" timestamp="01 Aug 2019 06:35:25 GMT" skipped="0" hostname="DESKTOP-N902F4F" errors="0">
  <testcase name="BrowserAutomation" time="0.007" classname="qaclickacademy.Selenium_Test"/>
  <testcase name="ElementsUI" time="0.000" classname="qaclickacademy.Selenium_Test"/>
</testsuite> <!-- qaclickacademy.Selenium_Test -->
