<?xml version="1.0" encoding="UTF-8"?>
<!-- Generated by org.testng.reporters.JUnitReportReporter -->
<testsuite name="qaclickacademy.REST_API_Test" tests="2" time="0.000" ignored="0" failures="0" timestamp="01 Aug 2019 06:08:29 GMT" skipped="0" hostname="DESKTOP-N902F4F" errors="0">
  <testcase name="deletetwitter" time="0.000" classname="qaclickacademy.REST_API_Test"/>
  <testcase name="posrjira" time="0.000" classname="qaclickacademy.REST_API_Test"/>
</testsuite> <!-- qaclickacademy.REST_API_Test -->
