<?xml version="1.0" encoding="UTF-8"?>
<!-- Generated by org.testng.reporters.JUnitReportReporter -->
<testsuite name="qaclickacademy.Appium_Test" tests="2" time="0.030" ignored="0" failures="0" timestamp="01 Aug 2019 07:43:01 GMT" skipped="0" hostname="DESKTOP-N902F4F" errors="0">
  <testcase name="IOSApps" time="0.030" classname="qaclickacademy.Appium_Test"/>
  <testcase name="NativeAppAndroid" time="0.000" classname="qaclickacademy.Appium_Test"/>
</testsuite> <!-- qaclickacademy.Appium_Test -->
